Copyright 1986-2022 Xilinx, Inc. All Rights Reserved. Copyright 2022-2025 Advanced Micro Devices, Inc. All Rights Reserved.
---------------------------------------------------------------------------------------------------------------------------------------------
| Tool Version : Vivado v.2025.2 (win64) Build 6299465 Fri Nov 14 19:35:11 GMT 2025
| Date         : Wed Apr 29 12:54:16 2026
| Host         : PC-638 running 64-bit major release  (build 9200)
| Command      : report_control_sets -verbose -file top_breathing_led_control_sets_placed.rpt
| Design       : top_breathing_led
| Device       : xc7a50ti
---------------------------------------------------------------------------------------------------------------------------------------------

Control Set Information

Table of Contents
-----------------
1. Summary
2. Histogram
3. Flip-Flop Distribution
4. Detailed Control Set Information

1. Summary
----------

+----------------------------------------------------------+-------+
|                          Status                          | Count |
+----------------------------------------------------------+-------+
| Total control sets                                       |     5 |
|    Minimum number of control sets                        |     5 |
|    Addition due to synthesis replication                 |     0 |
|    Addition due to physical synthesis replication        |     0 |
| Unused register locations in slices containing registers |    16 |
+----------------------------------------------------------+-------+
* Control sets can be merged at opt_design using control_set_merge or merge_equivalent_drivers
** Run report_qor_suggestions for automated merging and remapping suggestions


2. Histogram
------------

+--------------------+-------+
|       Fanout       | Count |
+--------------------+-------+
| Total control sets |     5 |
| >= 0 to < 4        |     1 |
| >= 4 to < 6        |     0 |
| >= 6 to < 8        |     0 |
| >= 8 to < 10       |     2 |
| >= 10 to < 12      |     1 |
| >= 12 to < 14      |     0 |
| >= 14 to < 16      |     0 |
| >= 16              |     1 |
+--------------------+-------+
* Control sets can be remapped at either synth_design or opt_design


3. Flip-Flop Distribution
-------------------------

+--------------+-----------------------+------------------------+-----------------+--------------+
| Clock Enable | Synchronous Set/Reset | Asynchronous Set/Reset | Total Registers | Total Slices |
+--------------+-----------------------+------------------------+-----------------+--------------+
| No           | No                    | No                     |               3 |            3 |
| No           | No                    | Yes                    |               0 |            0 |
| No           | Yes                   | No                     |              29 |            9 |
| Yes          | No                    | No                     |               0 |            0 |
| Yes          | No                    | Yes                    |               0 |            0 |
| Yes          | Yes                   | No                     |              16 |            5 |
+--------------+-----------------------+------------------------+-----------------+--------------+


4. Detailed Control Set Information
-----------------------------------

+----------------+--------------------+----------------------------------+------------------+----------------+--------------+
|  Clock Signal  |    Enable Signal   |         Set/Reset Signal         | Slice Load Count | Bel Load Count | Bels / Slice |
+----------------+--------------------+----------------------------------+------------------+----------------+--------------+
|  clk_IBUF_BUFG |                    |                                  |                3 |              3 |         1.00 |
|  clk_IBUF_BUFG | CLK_EN_BREATH/E[0] | btnu_IBUF                        |                3 |              8 |         2.67 |
|  clk_IBUF_BUFG | CLK_EN_PWM/E[0]    | btnu_IBUF                        |                2 |              8 |         4.00 |
|  clk_IBUF_BUFG |                    | CLK_EN_PWM/sig_pwm_en[9]_i_1_n_0 |                4 |             10 |         2.50 |
|  clk_IBUF_BUFG |                    | CLK_EN_BREATH/sig_cnt[0]_i_1_n_0 |                5 |             19 |         3.80 |
+----------------+--------------------+----------------------------------+------------------+----------------+--------------+


